<?xml version="1.0" encoding="UTF-8"?>
<testsuite name="ru.netology.ApplicationTest" tests="1" skipped="0" failures="0" errors="0" timestamp="2020-02-04T05:56:43" hostname="spitchenko-Latitude-5591" time="0.697">
  <properties/>
  <testcase name="test get all" classname="ru.netology.ApplicationTest" time="0.697"/>
  <system-out><![CDATA[2020-02-04 12:56:43.568 [Test worker] INFO  ktor.test - No ktor.deployment.watch patterns specified, automatic reload is not active
]]></system-out>
  <system-err><![CDATA[]]></system-err>
</testsuite>
